0 info it worked if it ends with ok
1 verbose cli [ 'C:\\Program Files\\nodejs\\node.exe',
1 verbose cli   'C:\\Program Files\\nodejs\\node_modules\\npm\\bin\\npm-cli.js',
1 verbose cli   'run',
1 verbose cli   'test' ]
2 info using npm@3.7.3
3 info using node@v5.9.0
4 verbose run-script [ 'pretest', 'test', 'posttest' ]
5 info lifecycle sneaky-snek@0.1.0~pretest: sneaky-snek@0.1.0
6 silly lifecycle sneaky-snek@0.1.0~pretest: no script for pretest, continuing
7 info lifecycle sneaky-snek@0.1.0~test: sneaky-snek@0.1.0
8 verbose lifecycle sneaky-snek@0.1.0~test: unsafe-perm in lifecycle true
9 verbose lifecycle sneaky-snek@0.1.0~test: PATH: C:\Program Files\nodejs\node_modules\npm\bin\node-gyp-bin;C:\Code\Git\sneaky-snek\node_modules\.bin;C:\Program Files\nodejs;C:\Program Files\cmder\bin;C:\Program Files\Git\bin;C:\Program Files\Git\usr\bin;C:\Program Files\Git\share\vim\vim74;C:\Program Files\cmder\vendor\conemu-maximus5\ConEmu\Scripts;C:\ProgramData\Oracle\Java\javapath;\bin;C:\Program Files\cmder\vendor\conemu-maximus5;C:\Program Files\cmder\vendor\conemu-maximus5\ConEmu;C:\Windows\system32;C:\Windows;C:\Windows\System32\Wbem;C:\Windows\System32\WindowsPowerShell\v1.0\;C:\Program Files (x86)\ATI Technologies\ATI.ACE\Core-Static;C:\Program Files (x86)\Skype\Phone\;C:\Users\fernando.neira\.dnx\bin;C:\Program Files\Microsoft DNX\Dnvm\;C:\Program Files\Microsoft\Web Platform Installer\;C:\Users\fernando.neira\AppData\Roaming\npm;\vendor\git-for-windows\bin;C:\Program Files\Git\cmd;C:\Program Files\Microsoft SQL Server\120\Tools\Binn\;C:\Program Files\nodejs\;C:\Program Files\Microsoft SQL Server\Client SDK\ODBC\110\Tools\Binn\;C:\Program Files (x86)\Microsoft SQL Server\120\Tools\Binn\ManagementStudio\;C:\Program Files (x86)\Microsoft SQL Server\120\Tools\Binn\;C:\Program Files (x86)\Microsoft SQL Server\120\DTS\Binn\;C:\Program Files\Microsoft SQL Server\120\DTS\Binn\;C:\Program Files\Microsoft SQL Server\130\Tools\Binn\;C:\WINDOWS\system32;C:\WINDOWS;C:\WINDOWS\System32\Wbem;C:\WINDOWS\System32\WindowsPowerShell\v1.0\;C:\Program Files\Oracle\VirtualBox;C:\Program Files\webOS_TV_SDK\CLI;C:\Program Files\Git\cmd;C:\Program Files\Java\jdk1.8.0_101;C:\Program Files\Java\jdk1.8.0_101\bin;C:\ProgramData\chocolatey\bin;C:\Program Files\dotnet\;C:\Program Files (x86)\Microsoft VS Code\bin;C:\Users\fernando.neira\AppData\Roaming\npm;.bin;C:\Users\fernando.neira\AppData\Local\Microsoft\WindowsApps;C:\tools\mysql\current\bin;C:\ProgramData\chocolatey\lib\elasticsearch\tools\elasticsearch-2.3.1\bin;;C:\Program Files\cmder
10 verbose lifecycle sneaky-snek@0.1.0~test: CWD: C:\Code\Git\sneaky-snek
11 silly lifecycle sneaky-snek@0.1.0~test: Args: [ '/d /s /c', 'gulp test' ]
12 silly lifecycle sneaky-snek@0.1.0~test: Returned: code: 1  signal: null
13 info lifecycle sneaky-snek@0.1.0~test: Failed to exec test script
14 verbose stack Error: sneaky-snek@0.1.0 test: `gulp test`
14 verbose stack Exit status 1
14 verbose stack     at EventEmitter.<anonymous> (C:\Program Files\nodejs\node_modules\npm\lib\utils\lifecycle.js:239:16)
14 verbose stack     at emitTwo (events.js:100:13)
14 verbose stack     at EventEmitter.emit (events.js:185:7)
14 verbose stack     at ChildProcess.<anonymous> (C:\Program Files\nodejs\node_modules\npm\lib\utils\spawn.js:24:14)
14 verbose stack     at emitTwo (events.js:100:13)
14 verbose stack     at ChildProcess.emit (events.js:185:7)
14 verbose stack     at maybeClose (internal/child_process.js:850:16)
14 verbose stack     at Process.ChildProcess._handle.onexit (internal/child_process.js:215:5)
15 verbose pkgid sneaky-snek@0.1.0
16 verbose cwd C:\Code\Git\sneaky-snek
17 error Windows_NT 10.0.14393
18 error argv "C:\\Program Files\\nodejs\\node.exe" "C:\\Program Files\\nodejs\\node_modules\\npm\\bin\\npm-cli.js" "run" "test"
19 error node v5.9.0
20 error npm  v3.7.3
21 error code ELIFECYCLE
22 error sneaky-snek@0.1.0 test: `gulp test`
22 error Exit status 1
23 error Failed at the sneaky-snek@0.1.0 test script 'gulp test'.
23 error Make sure you have the latest version of node.js and npm installed.
23 error If you do, this is most likely a problem with the sneaky-snek package,
23 error not with npm itself.
23 error Tell the author that this fails on your system:
23 error     gulp test
23 error You can get information on how to open an issue for this project with:
23 error     npm bugs sneaky-snek
23 error Or if that isn't available, you can get their info via:
23 error     npm owner ls sneaky-snek
23 error There is likely additional logging output above.
24 verbose exit [ 1, true ]
